build/app/outputs/mapping/release/seeds.txt
io.flutter.view.AccessibilityViewEmbedder: void addChildrenToFlutterNode(android.view.accessibility.AccessibilityNodeInfo,android.view.View,android.view.accessibility.AccessibilityNodeInfo)
com.google.android.exoplayer2.drm.DrmUtil$PlatformOperationsWrapperV21: int mediaDrmStateExceptionToErrorCode(java.lang.Throwable)
io.flutter.embedding.engine.FlutterJNI
androidx.media2.session.PlaybackInfoParcelizer: void write(androidx.media2.session.MediaController$PlaybackInfo,androidx.versionedparcelable.VersionedParcel)
com.google.android.exoplayer2.metadata.scte35.TimeSignalCommand: android.os.Parcelable$Creator CREATOR
io.flutter.embedding.engine.FlutterJNI: io.flutter.plugin.platform.PlatformViewsController platformViewsController
io.flutter.view.AccessibilityViewEmbedder: boolean performAction(int,int,android.os.Bundle)
com.google.android.exoplayer2.source.smoothstreaming.SsMediaSource$Factory
io.flutter.embedding.engine.FlutterJNI: void invokePlatformMessageEmptyResponseCallback(int)
io.flutter.embedding.android.FlutterView
io.flutter.embedding.engine.FlutterJNI: void updateCustomAccessibilityActions(java.nio.ByteBuffer,java.lang.String[])
android.support.v4.app.RemoteActionCompatParcelizer: androidx.core.app.RemoteActionCompat read(androidx.versionedparcelable.VersionedParcel)
com.google.android.exoplayer2.drm.DrmUtil$PlatformOperationsWrapperV18: boolean isNotProvisionedException(java.lang.Throwable)
androidx.media.AudioAttributesImplApi21
android.support.v4.media.MediaDescriptionCompat$Api21Impl: void setTitle(android.media.MediaDescription$Builder,java.lang.CharSequence)
io.flutter.embedding.engine.FlutterJNI: void nativeSetSemanticsEnabled(long,boolean)
androidx.media2.common.TrackInfoParcelizer
androidx.media.session.MediaButtonReceiver: MediaButtonReceiver()
io.flutter.embedding.engine.FlutterJNI: void nativeDeferredComponentInstallFailure(int,java.lang.String,boolean)
io.flutter.plugin.editing.ImeSyncDeferringInsetsCallback: android.view.WindowInsets access$400(io.flutter.plugin.editing.ImeSyncDeferringInsetsCallback)
io.flutter.embedding.engine.systemchannels.TextInputChannel$TextInputType: io.flutter.embedding.engine.systemchannels.TextInputChannel$TextInputType valueOf(java.lang.String)
io.flutter.embedding.engine.FlutterJNI: void updateJavaAssetManager(android.content.res.AssetManager,java.lang.String)
io.flutter.view.AccessibilityBridge$Flag: io.flutter.view.AccessibilityBridge$Flag[] values()
android.support.v4.media.MediaBrowserCompat$ItemReceiver
androidx.media2.session.SessionCommandGroupParcelizer: androidx.media2.session.SessionCommandGroup read(androidx.versionedparcelable.VersionedParcel)
io.flutter.embedding.android.FlutterImageView: io.flutter.embedding.engine.renderer.FlutterRenderer getAttachedRenderer()
androidx.media.AudioAttributesImplApi21Parcelizer: AudioAttributesImplApi21Parcelizer()
android.support.v4.media.AudioAttributesImplBaseParcelizer: void write(androidx.media.AudioAttributesImplBase,androidx.versionedparcelable.VersionedParcel)
io.flutter.plugin.editing.ImeSyncDeferringInsetsCallback: int access$500(io.flutter.plugin.editing.ImeSyncDeferringInsetsCallback)
androidx.media.AudioAttributesImpl
io.flutter.embedding.engine.FlutterJNI: io.flutter.embedding.engine.deferredcomponents.DeferredComponentManager deferredComponentManager
androidx.activity.ComponentActivity$3
io.flutter.embedding.engine.FlutterJNI: void ensureAttachedToNative()
androidx.media2.session.PlaybackInfoParcelizer: PlaybackInfoParcelizer()
android.support.v4.media.MediaDescriptionCompat$Api21Impl: java.lang.CharSequence getTitle(android.media.MediaDescription)
io.flutter.embedding.engine.systemchannels.PlatformChannel$SystemUiOverlay: io.flutter.embedding.engine.systemchannels.PlatformChannel$SystemUiOverlay[] values()
androidx.media2.session.SessionCommand