build/app/outputs/mapping/release/mapping.txt
# compiler: R8
# compiler_version: 2.1.62
# min_api: 21
# pg_map_id: 8a80a1b
# common_typos_disable
...
com.google.android.exoplayer2.decoder.Buffer -> c.a.a.a.s2.a:
    int flags -> a
    void addFlag(int) -> e
    void clear() -> f
    void clearFlag(int) -> g
    boolean getFlag(int) -> h
    boolean hasSupplementalData() -> i
    boolean isDecodeOnly() -> j
    boolean isEndOfStream() -> k
    boolean isKeyFrame() -> l
    void setFlags(int) -> m
com.google.android.exoplayer2.decoder.CryptoInfo -> c.a.a.a.s2.b:
    byte[] key -> b
    android.media.MediaCodec$CryptoInfo frameworkCryptoInfo -> i
    com.google.android.exoplayer2.decoder.CryptoInfo$PatternHolderV24 patternHolder -> j
    byte[] iv -> a
    int[] numBytesOfClearData -> d
    int clearBlocks -> h
    int[] numBytesOfEncryptedData -> e
    int numSubSamples -> f
    int encryptedBlocks -> g
    int mode -> c
    android.media.MediaCodec$CryptoInfo getFrameworkCryptoInfo() -> a
    void increaseClearDataFirstSubSampleBy(int) -> b
    void set(int,int[],int[],byte[],byte[],int,int,int) -> c
com.google.android.exoplayer2.decoder.CryptoInfo$1 -> c.a.a.a.s2.b$a:
com.google.android.exoplayer2.decoder.CryptoInfo$PatternHolderV24 -> c.a.a.a.s2.b$b:
    android.media.MediaCodec$CryptoInfo$Pattern pattern -> b
    android.media.MediaCodec$CryptoInfo frameworkCryptoInfo -> a
    void access$100(com.google.android.exoplayer2.decoder.CryptoInfo$PatternHolderV24,int,int) -> a
    void set(int,int) -> b
com.google.android.exoplayer2.decoder.Decoder -> c.a.a.a.s2.c:
    void release() -> a
    void queueInputBuffer(java.lang.Object) -> c
    java.lang.Object dequeueOutputBuffer() -> d
    java.lang.Object dequeueInputBuffer() -> e
com.google.android.exoplayer2.decoder.DecoderCounters -> c.a.a.a.s2.d:
    long totalVideoFrameProcessingOffsetUs -> j
    int videoFrameProcessingOffsetCount -> k
    int maxConsecutiveDroppedBufferCount -> h
    int droppedToKeyframeCount -> i
    int skippedOutputBufferCount -> f
    int droppedBufferCount -> g
    int skippedInputBufferCount -> d
    int renderedOutputBufferCount -> e
    int decoderReleaseCount -> b
    int inputBufferCount -> c
    int decoderInitCount -> a
    void addVideoFrameProcessingOffset(long) -> a
    void addVideoFrameProcessingOffsets(long,int) -> b
    void ensureUpdated() -> c
com.google.android.exoplayer2.decoder.DecoderException -> c.a.a.a.s2.e:
com.google.android.exoplayer2.decoder.DecoderInputBuffer -> c.a.a.a.s2.f:
    long timeUs -> e
    int paddingSize -> h
    java.nio.ByteBuffer supplementalData -> f
    int bufferReplacementMode -> g
    com.google.android.exoplayer2.decoder.CryptoInfo cryptoInfo -> b
    java.nio.ByteBuffer data -> c
    boolean waitingForKeys -> d
    void clear() -> f
    java.nio.ByteBuffer createReplacementByteBuffer(int) -> n
    void ensureSpaceForWrite(int) -> o
    void flip() -> p
    boolean isEncrypted() -> q
    com.google.android.exoplayer2.decoder.DecoderInputBuffer newNoDataInstance() -> r
    void resetSupplementalData(int) -> s
com.google.android.exoplayer2.decoder.DecoderInputBuffer$InsufficientCapacityException -> c.a.a.a.s2.f$a:
com.google.android.exoplayer2.decoder.DecoderReuseEvaluation -> c.a.a.a.s2.g:
    java.lang.String decoderName -> a
    int result -> d
    int discardReasons -> e
    com.google.android.exoplayer2.Format oldFormat -> b
    com.google.android.exoplayer2.Format newFormat -> c
com.google.android.exoplayer2.decoder.OutputBuffer -> c.a.a.a.s2.h:
    long timeUs -> b
    int skippedOutputBufferCount -> c
    void release() -> n
com.google.android.exoplayer2.decoder.OutputBuffer$Owner -> c.a.a.a.s2.h$a:
    void releaseOutputBuffer(com.google.android.exoplayer2.decoder.OutputBuffer) -> a