build/app/outputs/mapping/release/usage.txt
com.meditationdemo.flutter_meditaion_demo.R$dimen
com.meditationdemo.flutter_meditaion_demo.R$style
com.meditationdemo.flutter_meditaion_demo.MainActivity
com.meditationdemo.flutter_meditaion_demo.R$integer
com.meditationdemo.flutter_meditaion_demo.R$id
com.meditationdemo.flutter_meditaion_demo.R$attr
com.meditationdemo.flutter_meditaion_demo.R$styleable
com.meditationdemo.flutter_meditaion_demo.R$color
com.meditationdemo.flutter_meditaion_demo.R
com.meditationdemo.flutter_meditaion_demo.R$drawable
com.meditationdemo.flutter_meditaion_demo.R$string
com.meditationdemo.flutter_meditaion_demo.R$layout
com.meditationdemo.flutter_meditaion_demo.R$mipmap
com.meditationdemo.flutter_meditaion_demo.BuildConfig
...
com.google.common.base.Functions$SupplierFunction
androidx.media2.session.MediaControllerImplBase$19
com.google.android.exoplayer2.source.ads.AdPlaybackState$AdState
com.ryanheise.audioservice.R$style
kotlin.sequences.FilteringSequence$iterator$1
androidx.core.view.WindowInsetsCompat$Builder
com.tekartik.sqflite.BuildConfig
com.google.common.collect.ForwardingSortedMultiset$StandardElementSet
androidx.core.text.PrecomputedTextCompat
com.google.common.primitives.ImmutableLongArray$1
com.google.common.annotations.VisibleForTesting
com.google.android.exoplayer2.C$AudioFocusGain
com.google.android.exoplayer2.upstream.DefaultHttpDataSource:
    public void <init>()
    public void <init>(java.lang.String)
    public void <init>(java.lang.String,int,int)
    public void <init>(java.lang.String,int,int,boolean,com.google.android.exoplayer2.upstream.HttpDataSource$RequestProperties)
    public void setContentTypePredicate(com.google.common.base.Predicate)
    public int getResponseCode()
    public void setRequestProperty(java.lang.String,java.lang.String)
    public void clearRequestProperty(java.lang.String)
    public void clearAllRequestProperties()
    public static final int DEFAULT_CONNECT_TIMEOUT_MILLIS
    public static final int DEFAULT_READ_TIMEOUT_MILLIS
    private static final java.lang.String TAG
    private static final int MAX_REDIRECTS
    private static final int HTTP_STATUS_TEMPORARY_REDIRECT
    private static final int HTTP_STATUS_PERMANENT_REDIRECT
    private static final long MAX_BYTES_TO_DRAIN
com.ryanheise.audioservice.AudioService$MediaSessionCallback:
    public void onPlayMediaItem(android.support.v4.media.MediaDescriptionCompat)
com.google.common.util.concurrent.MoreExecutors$ScheduledListeningDecorator$ListenableScheduledTask
com.google.android.exoplayer2.text.Cue:
    public void <init>(java.lang.CharSequence)
    public void <init>(java.lang.CharSequence,android.text.Layout$Alignment,float,int,int,float,int,float)
    public void <init>(java.lang.CharSequence,android.text.Layout$Alignment,float,int,int,float,int,float,int,float)
    public void <init>(java.lang.CharSequence,android.text.Layout$Alignment,float,int,int,float,int,float,boolean,int)
    public android.os.Bundle toBundle()
    public static final float DIMEN_UNSET
    public static final int TYPE_UNSET
    public static final int ANCHOR_TYPE_START
    public static final int ANCHOR_TYPE_MIDDLE
    public static final int ANCHOR_TYPE_END
    public static final int LINE_TYPE_FRACTION
    public static final int LINE_TYPE_NUMBER
    public static final int TEXT_SIZE_TYPE_FRACTIONAL
    public static final int TEXT_SIZE_TYPE_FRACTIONAL_IGNORE_PADDING
    public static final int TEXT_SIZE_TYPE_ABSOLUTE
    public static final int VERTICAL_TYPE_RL
    public static final int VERTICAL_TYPE_LR
    private static final int FIELD_TEXT
    private static final int FIELD_TEXT_ALIGNMENT
    private static final int FIELD_MULTI_ROW_ALIGNMENT
    private static final int FIELD_BITMAP
    private static final int FIELD_LINE
    private static final int FIELD_LINE_TYPE
    private static final int FIELD_LINE_ANCHOR
    private static final int FIELD_POSITION
    private static final int FIELD_POSITION_ANCHOR
com.google.android.exoplayer2.drm.DrmUtil$ErrorSource
com.google.android.exoplayer2.RendererCapabilities$FormatSupport
androidx.core.app.NotificationCompat$StreamType
com.google.common.io.ByteSink$AsCharSink
androidx.media2.session.SequencedFutureManager$SequencedFuture
com.google.android.exoplayer2.upstream.AssetDataSource$AssetDataSourceException:
    public void <init>(java.io.IOException)
androidx.media2.session.MediaSessionStub$22
androidx.core.app.JobIntentService$CompatJobEngine
androidx.core.view.NestedScrollingChildHelper
com.google.common.util.concurrent.MoreExecutors$1
androidx.core.view.DragAndDropPermissionsCompat
com.google.android.exoplayer2.source.ProgressiveMediaSource:
    public static final int DEFAULT_LOADING_CHECK_INTERVAL_BYTES